<?xml version="1.0" encoding="UTF-8"?>
<!-- Generated by org.testng.reporters.JUnitReportReporter -->
<testsuite hostname="DESKTOP-RVJ2CF5" failures="0" tests="2" name="TestRunner.ShopRunner" time="19.488" errors="0" timestamp="2025-03-26T11:00:08 IST" skipped="0">
  <testcase classname="TestRunner.ShopRunner" name="runScenario" time="11.092"/>
  <system-out/>
  <testcase classname="TestRunner.ShopRunner" name="runScenario" time="8.396"/>
  <system-out/>
</testsuite> <!-- TestRunner.ShopRunner -->
