<?xml version="1.0" encoding="UTF-8"?>
<!-- Generated by org.testng.reporters.JUnitReportReporter -->
<testsuite hostname="DESKTOP-RVJ2CF5" failures="0" tests="20" name="TestRunner.ShopRunner" time="585.209" errors="0" timestamp="2025-03-26T12:04:15 IST" skipped="0">
  <testcase classname="TestRunner.ShopRunner" name="runScenario" time="56.485"/>
  <testcase classname="TestRunner.ShopRunner" name="runScenario" time="41.693"/>
  <testcase classname="TestRunner.ShopRunner" name="runScenario" time="12.372"/>
  <testcase classname="TestRunner.ShopRunner" name="runScenario" time="5.991"/>
  <testcase classname="TestRunner.ShopRunner" name="runScenario" time="10.845"/>
  <testcase classname="TestRunner.ShopRunner" name="runScenario" time="56.977"/>
  <testcase classname="TestRunner.ShopRunner" name="runScenario" time="34.705"/>
  <testcase classname="TestRunner.ShopRunner" name="runScenario" time="42.337"/>
  <testcase classname="TestRunner.ShopRunner" name="runScenario" time="58.763"/>
  <testcase classname="TestRunner.ShopRunner" name="runScenario" time="7.913"/>
  <testcase classname="TestRunner.ShopRunner" name="runScenario" time="62.168"/>
  <testcase classname="TestRunner.ShopRunner" name="runScenario" time="9.221"/>
  <testcase classname="TestRunner.ShopRunner" name="runScenario" time="5.293"/>
  <testcase classname="TestRunner.ShopRunner" name="runScenario" time="30.402"/>
  <testcase classname="TestRunner.ShopRunner" name="runScenario" time="43.340"/>
  <testcase classname="TestRunner.ShopRunner" name="runScenario" time="5.468"/>
  <testcase classname="TestRunner.ShopRunner" name="runScenario" time="43.605"/>
  <testcase classname="TestRunner.ShopRunner" name="runScenario" time="37.927"/>
  <testcase classname="TestRunner.ShopRunner" name="runScenario" time="9.621"/>
  <testcase classname="TestRunner.ShopRunner" name="runScenario" time="10.083"/>
</testsuite> <!-- TestRunner.ShopRunner -->
